Wed Jul  3 11:34:52 PM UTC 2024

######  #     # #       #  #####  ####### 
#     # #     #  #     #  #     #    #    
#     # #     #   #   #   #          #    
######  #######    # #     #####     #    
#       #     #     #           #    #    
#       #     #     #     #     #    #    
#       #     #     #      #####     #    

PHYST (v1.4.0, March 2024) Built for MacOS x64-bit
Developed by Joseph Guscott & David Bunn
Barker Lab,
School of Biological Science
University of Edinburgh
Copyright (c) 2024 Joseph Guscott

PHYST configuration:
  Initial Trees
    Software: mpboot
    MSA: ../sim_trees/alignment_200_10000_1.0_equal.phy
    Trees evaluated: 100
    Trees retained: 5

  Likelihood Analysis
    Software: iqtree

  Resources
    Cores: 50

Start time: 2024-07-03-23:34:52

MPBoot provided by Hoang, et al., 2018; https://doi.org/10.1186/s12862-018-1131-3
LVB provided by Barker, 2004; https://doi.org/10.1093/bioinformatics/btg402
IQ-Tree provided by Minh, et al., 2020; https://doi.org/10.1093/molbev/msaa015

Generating initial 100 initial trees using 50 cores
###
MP elapsed time (mpboot):
Wall-clock time : 00:04:29
###
Obtaining the best 5 initial trees
Highest scoring likelihood trees:
Tree 1 : -1658840.227
iqtree2 -s ../sim_trees/alignment_200_10000_1.0_equal.phy -t initial_trees_best.treefile -nt 50 -redo > /dev/null 2>&1
Refined ML tree score: -1656524.283
Refined ML treefile: ../sim_trees/alignment_200_10000_1.0_equal.phy.treefile
Wall-clock time : 00:40:30
119294.74user 300.02system 40:30.89elapsed 4919%CPU (0avgtext+0avgdata 610476maxresident)k
32inputs+23584outputs (237major+28566184minor)pagefaults 0swaps
EXIT STATUS: 0
Thu Jul  4 12:15:23 AM UTC 2024
