Thu Jul  4 09:18:26 AM UTC 2024

######  #     # #       #  #####  ####### 
#     # #     #  #     #  #     #    #    
#     # #     #   #   #   #          #    
######  #######    # #     #####     #    
#       #     #     #           #    #    
#       #     #     #     #     #    #    
#       #     #     #      #####     #    

PHYST (v1.4.0, March 2024) Built for MacOS x64-bit
Developed by Joseph Guscott & David Bunn
Barker Lab,
School of Biological Science
University of Edinburgh
Copyright (c) 2024 Joseph Guscott

PHYST configuration:
  Initial Trees
    Software: mpboot
    MSA: ../sim_trees/alignment_200_100000_0.1_mammal.phy
    Trees evaluated: 100
    Trees retained: 5

  Likelihood Analysis
    Software: iqtree

  Resources
    Cores: 50

Start time: 2024-07-04-09:18:26

MPBoot provided by Hoang, et al., 2018; https://doi.org/10.1186/s12862-018-1131-3
LVB provided by Barker, 2004; https://doi.org/10.1093/bioinformatics/btg402
IQ-Tree provided by Minh, et al., 2020; https://doi.org/10.1093/molbev/msaa015

Generating initial 100 initial trees using 50 cores
###
MP elapsed time (mpboot):
Wall-clock time : 01:21:08
###
Obtaining the best 5 initial trees
Highest scoring likelihood trees:
Tree 1 : -8418034.744
iqtree2 -s ../sim_trees/alignment_200_100000_0.1_mammal.phy -t initial_trees_best.treefile -nt 50 -redo > /dev/null 2>&1
Refined ML tree score: -8407708.845
Refined ML treefile: ../sim_trees/alignment_200_100000_0.1_mammal.phy.treefile
Wall-clock time : 11:00:11
1887578.25user 5393.57system 11:00:11elapsed 4778%CPU (0avgtext+0avgdata 5208588maxresident)k
32inputs+33928outputs (376major+634164968minor)pagefaults 0swaps
EXIT STATUS: 0
Thu Jul  4 08:18:37 PM UTC 2024
