Wed Jul  3 10:29:52 PM UTC 2024

######  #     # #       #  #####  ####### 
#     # #     #  #     #  #     #    #    
#     # #     #   #   #   #          #    
######  #######    # #     #####     #    
#       #     #     #           #    #    
#       #     #     #     #     #    #    
#       #     #     #      #####     #    

PHYST (v1.4.0, March 2024) Built for MacOS x64-bit
Developed by Joseph Guscott & David Bunn
Barker Lab,
School of Biological Science
University of Edinburgh
Copyright (c) 2024 Joseph Guscott

PHYST configuration:
  Initial Trees
    Software: mpboot
    MSA: ../sim_trees/alignment_200_10000_0.1_mammal.phy
    Trees evaluated: 100
    Trees retained: 5

  Likelihood Analysis
    Software: iqtree

  Resources
    Cores: 50

Start time: 2024-07-03-22:29:52

MPBoot provided by Hoang, et al., 2018; https://doi.org/10.1186/s12862-018-1131-3
LVB provided by Barker, 2004; https://doi.org/10.1093/bioinformatics/btg402
IQ-Tree provided by Minh, et al., 2020; https://doi.org/10.1093/molbev/msaa015

Generating initial 100 initial trees using 50 cores
###
MP elapsed time (mpboot):
Wall-clock time : 00:03:16
###
Obtaining the best 5 initial trees
Highest scoring likelihood trees:
Tree 1 : -809666.107
Tree 2 : -809666.508
Tree 3 : -809700.753
Tree 4 : -809701.158
iqtree2 -s ../sim_trees/alignment_200_10000_0.1_mammal.phy -t initial_trees_best.treefile -nt 50 -redo > /dev/null 2>&1
Refined ML tree score: -809066.780
Refined ML treefile: ../sim_trees/alignment_200_10000_0.1_mammal.phy.treefile
Wall-clock time : 01:04:59
192608.86user 532.72system 1:04:59elapsed 4952%CPU (0avgtext+0avgdata 559452maxresident)k
272inputs+21712outputs (278major+52869879minor)pagefaults 0swaps
EXIT STATUS: 0
Wed Jul  3 11:34:52 PM UTC 2024
