Fri Jul  5 04:12:34 PM UTC 2024

######  #     # #       #  #####  ####### 
#     # #     #  #     #  #     #    #    
#     # #     #   #   #   #          #    
######  #######    # #     #####     #    
#       #     #     #           #    #    
#       #     #     #     #     #    #    
#       #     #     #      #####     #    

PHYST (v1.4.0, March 2024) Built for MacOS x64-bit
Developed by Joseph Guscott & David Bunn
Barker Lab,
School of Biological Science
University of Edinburgh
Copyright (c) 2024 Joseph Guscott

PHYST configuration:
  Initial Trees
    Software: mpboot
    MSA: ../sim_trees/alignment_50_10000_0.1_equal.phy
    Trees evaluated: 100
    Trees retained: 5

  Likelihood Analysis
    Software: iqtree

  Resources
    Cores: 50

Start time: 2024-07-05-16:12:34

MPBoot provided by Hoang, et al., 2018; https://doi.org/10.1186/s12862-018-1131-3
LVB provided by Barker, 2004; https://doi.org/10.1093/bioinformatics/btg402
IQ-Tree provided by Minh, et al., 2020; https://doi.org/10.1093/molbev/msaa015

Generating initial 100 initial trees using 50 cores
###
MP elapsed time (mpboot):
Wall-clock time : 00:00:19
###
Obtaining the best 5 initial trees
Highest scoring likelihood trees:
Tree 1 : -220625.827
iqtree2 -s ../sim_trees/alignment_50_10000_0.1_equal.phy -t initial_trees_best.treefile -nt 50 -redo > /dev/null 2>&1
Refined ML tree score: -220537.773
Refined ML treefile: ../sim_trees/alignment_50_10000_0.1_equal.phy.treefile
Wall-clock time : 00:07:43
22974.48user 36.88system 7:43.56elapsed 4964%CPU (0avgtext+0avgdata 100428maxresident)k
88inputs+6440outputs (138major+3156796minor)pagefaults 0swaps
EXIT STATUS: 0
Fri Jul  5 04:20:18 PM UTC 2024
