Sat Jul  6 01:27:30 AM UTC 2024

######  #     # #       #  #####  ####### 
#     # #     #  #     #  #     #    #    
#     # #     #   #   #   #          #    
######  #######    # #     #####     #    
#       #     #     #           #    #    
#       #     #     #     #     #    #    
#       #     #     #      #####     #    

PHYST (v1.4.0, March 2024) Built for MacOS x64-bit
Developed by Joseph Guscott & David Bunn
Barker Lab,
School of Biological Science
University of Edinburgh
Copyright (c) 2024 Joseph Guscott

PHYST configuration:
  Initial Trees
    Software: mpboot
    MSA: ../sim_trees/alignment_200_100000_0.1_equal.phy
    Trees evaluated: 100
    Trees retained: 5

  Likelihood Analysis
    Software: iqtree

  Resources
    Cores: 50

Start time: 2024-07-06-01:27:30

MPBoot provided by Hoang, et al., 2018; https://doi.org/10.1186/s12862-018-1131-3
LVB provided by Barker, 2004; https://doi.org/10.1093/bioinformatics/btg402
IQ-Tree provided by Minh, et al., 2020; https://doi.org/10.1093/molbev/msaa015

Generating initial 100 initial trees using 50 cores
###
MP elapsed time (mpboot):
Wall-clock time : 02:08:14
###
Obtaining the best 5 initial trees
Highest scoring likelihood trees:
Tree 1 : -8545320.332
iqtree2 -s ../sim_trees/alignment_200_100000_0.1_equal.phy -t initial_trees_best.treefile -nt 50 -redo > /dev/null 2>&1
Refined ML tree score: -8541273.840
Refined ML treefile: ../sim_trees/alignment_200_100000_0.1_equal.phy.treefile
Wall-clock time : 09:34:12
1631501.50user 4352.82system 9:34:12elapsed 4748%CPU (0avgtext+0avgdata 5206296maxresident)k
4272inputs+34016outputs (204major+697161820minor)pagefaults 0swaps
EXIT STATUS: 0
Sat Jul  6 11:01:43 AM UTC 2024
