Sun Jul  7 12:20:44 AM UTC 2024

######  #     # #       #  #####  ####### 
#     # #     #  #     #  #     #    #    
#     # #     #   #   #   #          #    
######  #######    # #     #####     #    
#       #     #     #           #    #    
#       #     #     #     #     #    #    
#       #     #     #      #####     #    

PHYST (v1.4.0, March 2024) Built for MacOS x64-bit
Developed by Joseph Guscott & David Bunn
Barker Lab,
School of Biological Science
University of Edinburgh
Copyright (c) 2024 Joseph Guscott

PHYST configuration:
  Initial Trees
    Software: mpboot
    MSA: ../sim_trees/alignment_200_100000_1.0_equal.phy
    Trees evaluated: 100
    Trees retained: 5

  Likelihood Analysis
    Software: iqtree

  Resources
    Cores: 50

Start time: 2024-07-07-00:20:44

MPBoot provided by Hoang, et al., 2018; https://doi.org/10.1186/s12862-018-1131-3
LVB provided by Barker, 2004; https://doi.org/10.1093/bioinformatics/btg402
IQ-Tree provided by Minh, et al., 2020; https://doi.org/10.1093/molbev/msaa015

Generating initial 100 initial trees using 50 cores
###
MP elapsed time (mpboot):
Wall-clock time : 02:30:21
###
Obtaining the best 5 initial trees
Highest scoring likelihood trees:
Tree 1 : -16471728.815
iqtree2 -s ../sim_trees/alignment_200_100000_1.0_equal.phy -t initial_trees_best.treefile -nt 50 -redo > /dev/null 2>&1
Refined ML tree score: -16454935.350
Refined ML treefile: ../sim_trees/alignment_200_100000_1.0_equal.phy.treefile
Wall-clock time : 07:33:56
1301842.05user 3948.18system 7:33:56elapsed 4794%CPU (0avgtext+0avgdata 5706000maxresident)k
7936inputs+34392outputs (300major+664794496minor)pagefaults 0swaps
EXIT STATUS: 0
Sun Jul  7 07:54:41 AM UTC 2024
