Fri Jul  5 08:03:24 PM UTC 2024

######  #     # #       #  #####  ####### 
#     # #     #  #     #  #     #    #    
#     # #     #   #   #   #          #    
######  #######    # #     #####     #    
#       #     #     #           #    #    
#       #     #     #     #     #    #    
#       #     #     #      #####     #    

PHYST (v1.4.0, March 2024) Built for MacOS x64-bit
Developed by Joseph Guscott & David Bunn
Barker Lab,
School of Biological Science
University of Edinburgh
Copyright (c) 2024 Joseph Guscott

PHYST configuration:
  Initial Trees
    Software: mpboot
    MSA: ../sim_trees/alignment_50_100000_1.0_mammal.phy
    Trees evaluated: 100
    Trees retained: 5

  Likelihood Analysis
    Software: iqtree

  Resources
    Cores: 50

Start time: 2024-07-05-20:03:24

MPBoot provided by Hoang, et al., 2018; https://doi.org/10.1186/s12862-018-1131-3
LVB provided by Barker, 2004; https://doi.org/10.1093/bioinformatics/btg402
IQ-Tree provided by Minh, et al., 2020; https://doi.org/10.1093/molbev/msaa015

Generating initial 100 initial trees using 50 cores
###
MP elapsed time (mpboot):
Wall-clock time : 00:08:15
###
Obtaining the best 5 initial trees
Highest scoring likelihood trees:
Tree 1 : -4110774.065
iqtree2 -s ../sim_trees/alignment_50_100000_1.0_mammal.phy -t initial_trees_best.treefile -nt 50 -redo > /dev/null 2>&1
Refined ML tree score: -4110255.504
Refined ML treefile: ../sim_trees/alignment_50_100000_1.0_mammal.phy.treefile
Wall-clock time : 01:56:37
342119.68user 1008.18system 1:56:37elapsed 4903%CPU (0avgtext+0avgdata 1356372maxresident)k
0inputs+17864outputs (248major+120621107minor)pagefaults 0swaps
EXIT STATUS: 0
Fri Jul  5 10:00:01 PM UTC 2024
